42  1   3   4   6   8   10  12  13  14  15  17  18  21  27  28  30  31  32  34  36  37  38  39  40  41  42  44  45  51  52  61  66  154 161 175 177 178 180 182 183 186 187 
422.2   186.2   236     
0       0       0       1    85   
1       0.3     0       1    81   
2       6.3     0       1    56   
3       0       27      1    16   
4       16.6    0       1    28   
5       0       0       1    3    
6       0       4.5     1    2    
7       1.5     0       1    5    
8       1.5     0       1    9    
9       0       18      1    64   
10      0       0       1    36   
11      14.35   0       1    68   
12      0       0       1    7    
13      0.3     0       1    82   
14      0       1.7     1    6    
15      28.5    0       1    8    
16      0       0       1    89   
17      7.6     0       1    84   
18      0.6     0       1    86   
19      0       0       1    90   
20      0       0       1    79   
21      0       0.9     1    39   
22      0.4     0       1    40   
23      2.25    0       1    14   
24      6.25    0       1    77   
25      2.25    0       1    71   
26      0       0       1    59   
27      0       0       1    51   
28      0       20.5    1    62   
29      0       4.5     1    91   
30      18      0       1    4    
31      0.6     0       1    76   
32      0       20.5    1    63   
33      0       6.75    1    19   
34      0.5     0       1    26   
35      3.5     0       1    29   
36      0       0       1    87   
37      36      0       1    47   
38      0.3     0       1    50   
39      0.3     0       1    75   
40      0.3     0       1    88   
41      0       4.5     1    52   
42      18      0       1    31   
43      0       0       1    24   
44      0       4.5     1    83   
45      0.3     0       1    80   
46      0       1       1    20   
47      0       53.4    1    17   
48      0       3.5     1    55   
49      0       0       1    60   
50      6       0       1    78   
51      0       6.75    1    42   
52      0       0       1    32   
53      0       6.5     1    66   
54      0       2       1    0    
55      0       4.5     1    67   
56      0       0       1    13   
57      0       6.75    1    15   
58      0.8     0       1    35   
59      0       0       1    43   
60      0       0       1    44   
61      0.8     0       1    33   
62      0.5     0       1    34   
63      2.25    0       1    74   
64      6.75    0       1    61   
65      0       0       1    53   
66      0       0       1    25   
67      0.3     0       1    48   
68      0       6.75    1    69   
69      0       4.5     1    70   
70      0       4.5     1    46   
71      0       4.5     1    10   
72      0       0       1    72   
73      0       0.9     1    93   
74      0       0       1    21   
75      0       4.5     1    22   
76      0       0       1    92   
77      0       0       1    58   
78      0       0       1    41   
79      0.3     0       1    38   
80      0.3     0       1    11   
81      0.5     0       1    57   
82      0       1.95    1    54   
83      0.3     0       1    49   
84      0.3     0       1    30   
85      0       0       1    65   
86      0.3     0       1    12   
87      0.3     0       1    73   
88      0       1.95    1    23   
89      0       6.75    1    18   
90      0       0       1    27   
91      0       0       1    1    
92      0       1.95    1    45   
93      0       0       1    37   
