42  0   3   5   7   10  11  13  14  15  16  17  18  19  20  21  22  23  24  25  26  27  28  31  32  34  81  83  85  86  91  92  93  94  95  98  100 103 106 112 120 132 134 
229.8   142.8   87      
0       1.5     0       3    7    66   101  
1       0.3     0       1    80   
2       0.3     0       1    6    
3       0       0       1    97   
4       0       4.5     1    93   
5       0       0       1    33   
6       0       0       1    41   
7       0       0       1    84   
8       3       0       1    85   
9       0       10.5    2    1    58   
10      2.25    0       1    87   
11      2.25    0       1    19   
12      0       0       1    30   
13      2.25    0       1    77   
14      0       0       1    18   
15      0       0       1    44   
16      0       1.5     2    69   71   
17      0       1.5     2    0    23   
18      9       0       1    11   
19      22.5    0       1    95   
20      0       1.5     2    10   37   
21      6.75    0       1    79   
22      0       1.5     2    16   100  
23      0       0       1    39   
24      0.3     0       1    92   
25      0.3     0       1    36   
26      0.3     0       1    12   
27      0       1.5     2    38   72   
28      1.5     0       2    2    89   
29      0       1.5     2    35   91   
30      0       1.95    1    70   
31      6.75    0       1    52   
32      6.75    0       1    46   
33      0       1.5     2    34   64   
34      10.35   0       1    20   
35      0       0       1    51   
36      0       0       1    5    
37      0       0       1    24   
38      0       9       2    45   98   
39      0       0       1    21   
40      0       0       1    28   
41      3       0       1    59   
42      2.25    0       1    40   
43      0       3.75    2    50   53   
44      0       0       1    67   
45      2.25    0       1    94   
46      0.3     0       1    49   
47      0       1.2     2    63   83   
48      0       4.5     2    55   56   
49      0       0       1    102  
50      1.5     0       2    26   61   
51      0       1.5     2    3    13   
52      0       10.5    2    25   32   
53      0       1.5     2    68   103  
54      4.5     0       1    8    
55      1.5     0       2    22   48   
56      0.3     0       1    74   
57      0.3     0       1    9    
58      0       1.95    1    17   
59      0.3     0       1    78   
60      0.3     0       1    60   
61      4.8     0       1    27   
62      0       0       1    99   
63      0.3     0       1    81   
64      0       16.5    3    14   42   62   
65      0.3     0       1    4    
66      1.5     0       2    15   65   
67      0.3     0       1    54   
68      1.5     0       2    75   88   
69      15.75   0       1    47   
70      0       0       1    31   
71      20.25   0       1    90   
72      0       6       1    57   
73      4.5     0       1    82   
74      0       0       2    76   96   
75      0.75    0       2    29   86   
76      0       3.15    2    43   73   
