18  23  27  28  30  31  32  34  35  37  38  39  40  43  44  45  53  55  60  
149.2   133.1   16.1    
0       22.6    0       1    63   
1       1.5     0       1    78   
2       0       0       1    8    
3       0       1.4     1    5    
4       1.5     0       1    10   
5       21      0       1    14   
6       6.3     0       1    6    
7       0.3     0       1    77   
8       2.5     0       1    29   
9       0.5     0       1    27   
10      0.6     0       1    70   
11      0.6     0       1    69   
12      0       0       1    81   
13      0.6     0       1    80   
14      0.4     0       1    43   
15      26.5    0       1    79   
16      0       0       1    23   
17      0.6     0       2    0    82   
18      7       0       1    7    
19      6.5     0       1    83   
20      0       0       4    4    45   46   66   
21      0       0.5     1    18   
22      0       0       1    84   
23      0       0       1    71   
24      0       0       1    53   
25      3       0       3    50   55   75   
26      0       1       1    20   
27      0       3       4    2    22   32   58   
28      1.5     0       6    26   33   38   42   47   52   
29      0       0.5     2    11   56   
30      0       0       1    68   
31      0       2       1    3    
32      0       2       1    73   
33      0.8     0       1    36   
34      0       0       1    48   
35      0       0       1    49   
36      0.8     0       1    34   
37      0.5     0       1    35   
38      0       0       2    31   74   
39      0.3     0       3    1    28   65   
40      0       0       1    76   
41      3.6     0       1    37   
42      0       0       1    16   
43      0.5     0       1    67   
44      0.3     0       1    24   
45      0.3     0       1    60   
46      0.3     0       3    12   41   51   
47      0       0       1    72   
48      0.3     0       1    44   
49      3.3     0       2    19   57   
50      0       2.7     3    15   39   40   
51      0       0       1    9    
52      0       3       3    30   54   64   
53      4.5     0       1    62   
54      3       0       2    13   25   
55      1.5     0       2    21   85   
56      0       0       1    61   
57      3       0       1    17   
58      6.6     0       1    59   
