53  1   3   6   7   10  14  17  18  23  26  30  31  32  36  37  41  42  48  49  50  53  56  57  60  61  64  65  66  71  74  85  196 203 204 208 209 214 215 216 218 221 225 237 239 240 241 242 243 244 245 263 266 270 
737.5   403.15  334.35  
0       15      0       1    115  
1       6.3     0       1    33   
2       0.3     0       1    147  
3       0       27      5    16   66   83   103  149  
4       0       1.4     1    114  
5       0       4.5     1    145  
6       0       4.5     1    7    
7       0       0       1    8    
8       0       13.5    1    148  
9       30      0       1    111  
10      9.5     0       1    25   
11      16.6    0       1    155  
12      0       0       1    12   
13      21      0       1    88   
14      0.3     0       1    90   
15      0.3     0       1    136  
16      62.25   0       1    131  
17      0       0       1    152  
18      0.6     0       1    124  
19      0       1.4     1    14   
20      1.5     0       1    142  
21      0       0       1    144  
22      0.6     0       1    15   
23      8.6     0       1    128  
24      0.2     0       1    43   
25      0.3     0       1    56   
26      0.2     0       1    44   
27      0.3     0       1    55   
28      0.4     0       1    78   
29      7.25    0       1    51   
30      8.25    0       1    32   
31      0       0       1    80   
32      6.75    0       1    95   
33      9.5     0       1    26   
34      0       0       1    48   
35      22.5    0       1    76   
36      1.5     0       1    140  
37      0       0       1    13   
38      0.6     0       1    30   
39      0.6     0       1    10   
40      6.75    0       1    105  
41      22.5    0       1    58   
42      0       4.5     1    94   
43      9       0       1    99   
44      0       0       1    70   
45      9.5     0       1    27   
46      3.5     0       1    57   
47      0       0       1    151  
48      0       12      1    34   
49      0       7.8     2    60   100  
50      0.3     0       1    146  
51      0       1.8     1    106  
52      0       1.95    1    35   
53      4.8     0       1    77   
54      0.3     0       1    89   
55      0.3     0       1    135  
56      0       0       1    153  
57      0       0       1    96   
58      0       0       1    156  
59      0       1.5     2    0    65   
60      0.3     0       1    24   
61      6.75    0       1    49   
62      0       1       1    42   
63      6.75    0       1    36   
64      0       13.5    1    134  
65      12.6    0       1    18   
66      0       3.5     3    86   87   154  
67      0       0       1    122  
68      0       0       1    17   
69      0       0       1    79   
70      0       0       1    53   
71      0       1.5     2    4    61   
72      0       2       1    6    
73      0       1.5     2    74   137  
74      0       2       1    127  
75      0       13.5    3    19   39   72   
76      0.8     0       1    69   
77      0       0       1    91   
78      2       0       1    133  
79      52.8    0       1    54   
80      0.5     0       1    68   
81      9       0       1    59   
82      2.25    0       1    101  
83      0.75    0       2    64   118  
84      0       0       1    102  
85      0       0       1    117  
86      0.3     0       1    143  
87      0.3     0       1    139  
88      0       4.5     2    82   120  
89      0       7.5     3    5    50   104  
90      0       13.5    2    81   108  
91      0       4.5     3    73   93   110  
92      0       18      1    125  
93      0       2.4     2    63   107  
94      0       5.4     3    20   41   71   
95      0       0       1    28   
96      0       0       1    52   
97      0       4.5     1    129  
98      0       0       1    116  
99      0       4.5     3    1    40   84   
100     0.3     0       1    119  
101     0.3     0       1    98   
102     0.5     0       1    121  
103     0.3     0       1    45   
104     0.3     0       1    112  
105     0.3     0       1    132  
106     0       0       1    126  
107     0       1.95    1    85   
108     0       9.3     1    75   
109     0       1.95    1    130  
110     0       1.8     1    2    
111     0       1.95    1    23   
112     0       1.7     1    11   
113     0       1.95    1    47   
114     0.3     0       1    62   
115     0       0.5     1    141  
116     0.3     0       1    138  
117     0       0       1    3    
118     0       51.7    1    67   
119     0       19.5    2    29   37   
120     0.3     0       1    97   
121     0       12      3    38   109  157  
122     2       0       1    150  
123     0       0       1    21   
124     6.5     0       1    123  
125     0       18      1    113  
126     1.5     0       1    31   
127     0       0       1    9    
128     7       0       1    92   
129     0       3.5     1    22   
130     0       23.4    1    46   
