15  1   2   3   5   6   7   10  17  66  67  68  74  77  79  85  
118.2   31.35   86.85   
0       0       0       1    48   
1       4.8     0       1    2    
2       0.3     0       1    1    
3       0       0       1    49   
4       0       4.5     1    45   
5       0       0       1    19   
6       0       0       1    12   
7       0       0       1    22   
8       0       0       1    52   
9       2.25    0       1    7    
10      2.25    0       1    4    
11      0       0       1    11   
12      2.25    0       1    46   
13      0       6.75    1    9    
14      0       4.5     1    27   
15      0       6.75    1    25   
16      0       0       1    30   
17      0       4.5     1    43   
18      0       4.5     1    29   
19      0.3     0       1    17   
20      0.3     0       1    31   
21      0.3     0       1    28   
22      0       4.5     1    37   
23      0       0       1    0    
24      0       6.75    1    35   
25      0.3     0       1    47   
26      10.35   0       1    24   
27      0       0       1    5    
28      0       4.5     1    16   
29      0       0       1    26   
30      0       4.5     1    6    
31      0       4.5     1    15   
32      0       4.5     1    41   
33      0       0       1    13   
34      6.75    0       1    36   
35      0       0       1    32   
36      0       0       1    39   
37      0       1.95    1    10   
38      0       0       1    51   
39      0       4.5     1    18   
40      0       6.75    1    38   
41      0       0       1    20   
42      0       4.5     1    53   
43      0       0       1    23   
44      0       0       1    14   
45      0       0       1    55   
46      0.3     0       1    21   
47      0.3     0       1    42   
48      0       1.95    1    8    
49      0.3     0       1    44   
50      0.3     0       1    40   
51      0       4.5     1    50   
52      0       0       1    3    
53      0       0       1    54   
54      0       1.95    1    33   
55      0       0       1    34   
