66  3   5   7   10  11  12  13  14  15  27  28  29  30  31  44  48  50  51  52  54  55  59  60  65  68  145 147 150 151 152 160 161 162 165 167 172 173 181 183 184 185 186 192 193 194 195 196 197 199 205 206 208 210 211 213 214 215 218 219 230 231 233 236 239 240 261 
944.9   419.9   525     
0       1       0       1    8    
1       9.5     0       1    56   
2       1       0       1    9    
3       0       42      10   71   77   83   84   133  135  141  142  146  149  
4       25      0       1    23   
5       0       0       1    137  
6       2.8     0       1    10   
7       16      0       2    44   118  
8       0       0       1    145  
9       9.1     0       1    148  
10      0       0       1    138  
11      8.5     0       1    36   
12      3.2     0       1    58   
13      26.8    0       1    34   
14      3.5     0       1    112  
15      0.6     0       1    74   
16      10      0       1    113  
17      0       0       1    93   
18      0       0       1    109  
19      0       21.5    3    61   87   96   
20      3.5     0       1    12   
21      5       0       1    110  
22      0       0       1    147  
23      0       0       1    94   
24      50      0       1    26   
25      0       8       2    136  140  
26      3.5     0       1    22   
27      0       2.4     1    21   
28      0       0       1    59   
29      3       0       1    89   
30      0       0       1    114  
31      0       0       1    90   
32      0       0       1    106  
33      45.5    0       1    130  
34      0       59.3    5    51   76   124  134  144  
35      0       50.5    6    38   70   99   129  139  143  
36      43.5    0       1    81   
37      4.2     0       1    101  
38      1       0       1    28   
39      0       5       1    80   
40      0       0       1    128  
41      26      0       5    37   49   82   91   95   
42      0       0       1    102  
43      0       0       1    18   
44      0       0       2    32   53   
45      4       0       1    45   
46      6.9     0       1    63   
47      0       14.4    1    47   
48      4.5     0       2    35   48   
49      0       0       1    13   
50      0       1.8     1    115  
51      9       0       1    39   
52      0       40      7    19   24   27   29   40   42   100  
53      0       15.5    3    62   69   121  
54      0       0       1    30   
55      0       30.8    3    11   117  126  
56      0       0       1    122  
57      0       16      4    41   119  123  127  
58      0       16.9    2    78   125  
59      0       11.5    2    50   120  
60      9.7     0       1    79   
61      0       7.5     2    33   46   
62      0       3.6     1    16   
63      0       0       1    25   
64      0       2.1     1    4    
65      0       14.5    1    43   
66      9       0       1    7    
67      0       3.7     1    92   
68      2.7     0       1    3    
69      0       4.2     1    103  
70      0       0       1    104  
71      7       0       1    65   
72      0       0       1    0    
73      0       7.2     1    75   
74      0       26.5    3    55   57   72   
75      0       2.5     1    131  
76      0       0       1    6    
77      0       8.6     1    105  
78      34.2    0       1    1    
79      0       49      9    31   52   64   66   67   68   108  111  116  
80      0       13.5    1    54   
81      0       0       1    15   
82      0       0       1    17   
83      0       18.5    2    88   98   
84      3.5     0       1    107  
85      0       0       1    20   
86      0       0       1    2    
87      0       15      4    73   86   97   132  
88      0       7.5     1    60   
89      27.2    0       1    5    
90      0       1       1    14   
91      0       4.5     1    85   
