64  2   3   8   11  12  13  14  15  18  28  29  30  31  44  45  48  54  55  56  61  65  67  68  69  144 146 147 148 149 151 152 155 157 159 160 161 168 170 173 174 178 181 188 194 198 201 205 206 208 209 210 211 214 216 219 224 226 228 230 231 251 253 258 262 
1339.5  638.2   701.3   
0       1       0       1    8    
1       0       96      10   72   83   84   87   88   133  134  140  142  143  
2       1       0       1    7    
3       50.5    0       1    45   
4       25      0       1    26   
5       0       0       1    145  
6       0       10.1    5    135  139  141  146  149  
7       52      0       1    21   
8       0       0       1    147  
9       0       38.3    4    119  127  136  144  
10      0       0       1    137  
11      13      0       1    9    
12      7       0       1    20   
13      40.3    0       1    58   
14      9       0       1    22   
15      5.7     0       1    5    
16      15.5    0       1    25   
17      0       0       1    12   
18      5.5     0       1    10   
19      23.5    0       1    18   
20      3.5     0       1    28   
21      5       0       1    106  
22      0       0       1    148  
23      0       0       1    94   
24      44.5    0       1    109  
25      0       0       1    138  
26      0       0       1    79   
27      0       11.9    1    130  
28      0       0       1    59   
29      5.5     0       1    101  
30      5.5     0       1    23   
31      0       0       1    90   
32      0       0       1    105  
33      48      0       1    89   
34      2.6     0       1    93   
35      38      0       1    56   
36      43.5    0       1    81   
37      0.3     0       1    43   
38      3.8     0       1    3    
39      0       175.5   8    31   38   41   50   54   70   71   75   
40      4       0       1    36   
41      102     0       1    124  
42      2       0       1    74   
43      0       0       1    19   
44      0       0       2    32   86   
45      6       0       1    104  
46      0       0.3     2    48   82   
47      0       32      2    118  126  
48      0       15.5    4    33   99   115  120  
49      0       0       1    117  
50      0       0.1     1    53   
51      0       42.5    3    35   47   129  
52      0       33      6    46   77   85   92   96   98   
53      0       11      4    73   78   80   121  
54      0       0       1    30   
55      1.8     0       1    13   
56      0       0       1    122  
57      41      0       1    107  
58      5.2     0       1    14   
59      2       0       1    102  
60      2       0       1    34   
61      6.5     0       1    65   
62      0       2.2     1    16   
63      0       0.5     1    51   
64      0       1.3     1    4    
65      0       16.2    1    67   
66      0       0       1    1    
67      0       16.8    1    52   
68      0       15.8    2    97   125  
69      0       2.5     1    103  
70      0       0       1    112  
71      4.5     0       1    131  
72      0       0       1    0    
73      0       2.2     1    11   
74      11.5    0       1    63   
75      0.5     0       1    128  
76      0       0       1    6    
77      0       1.8     1    29   
78      0       26.7    4    40   42   55   57   
79      0       102     12   49   60   62   64   66   68   69   76   91   95   108  111  
80      0       3.2     1    123  
81      0       0       1    15   
82      0       0       1    17   
83      0       0       1    100  
84      0       9.3     2    24   113  
85      0       5.5     1    110  
86      0       0       1    2    
87      0       14.5    3    39   114  132  
88      0       1       1    27   
89      0       8.6     2    44   116  
90      0       4       1    61   
91      0       1       1    37   
