69  2   3   5   7   8   11  12  13  14  15  18  28  29  31  48  54  55  57  58  59  61  63  67  79  145 146 147 150 152 155 157 159 160 161 165 168 169 172 173 176 178 181 182 183 184 186 188 193 195 196 205 206 207 209 210 215 216 217 218 225 226 227 228 231 232 233 236 239 240 
1277.1  596.3   680.8   
0       1       0       1    8    
1       9.5     0       1    56   
2       1       0       1    9    
3       0       83      13   83   84   85   87   92   100  113  136  140  141  142  146  149  
4       14.5    0       1    124  
5       0       0       1    147  
6       4.8     0       1    5    
7       46.5    0       1    101  
8       0       0       1    138  
9       0.4     0       1    22   
10      0       0       1    148  
11      12      0       1    26   
12      6.9     0       1    3    
13      33.5    0       1    65   
14      3.5     0       1    106  
15      4.4     0       1    93   
16      4       0       1    43   
17      0       0       1    10   
18      0       0       1    102  
19      9       0       1    34   
20      0       0       1    74   
21      5       0       1    112  
22      0       0       1    137  
23      0       0       1    94   
24      44.5    0       1    107  
25      0       0       1    145  
26      4.5     0       1    7    
27      0       12.4    1    130  
28      8       0       1    58   
29      0.5     0       1    131  
30      5.5     0       1    20   
31      0       0       1    90   
32      0       0       1    105  
33      41.5    0       1    63   
34      0       211.3   12   31   35   39   41   72   82   91   95   120  123  143  144  
35      0       9       4    75   115  119  139  
36      43.5    0       1    81   
37      3.2     0       1    45   
38      1.9     0       1    28   
39      0       2       1    51   
40      4.5     0       1    50   
41      109     0       1    36   
42      5.5     0       1    18   
43      0       0       1    12   
44      0       0       2    32   86   
45      2       0       1    59   
46      17.8    0       1    109  
47      0       28.2    2    46   48   
48      39      0       1    25   
49      0       0       1    14   
50      0       27.4    2    24   129  
51      19      0       1    79   
52      64      0       1    104  
53      0       10.5    4    61   78   80   121  
54      0       0       1    30   
55      0       17.2    2    76   117  
56      0       0       1    122  
57      0       6.5     3    33   77   116  
58      0       4.4     1    70   
59      7.5     0       1    13   
60      9.3     0       1    110  
61      6.5     0       1    89   
62      0       2.9     1    16   
63      0       0       1    29   
64      0       1.7     1    4    
65      0       38.6    3    108  114  134  
66      0.5     0       1    128  
67      0       5.3     1    88   
68      0       7.6     2    99   135  
69      0       3.4     1    103  
70      0       18.5    2    73   111  
71      0       23      2    54   96   
72      0       0       1    0    
73      0       12.5    1    71   
74      0       3.5     2    27   49   
75      0       32      3    17   64   68   
76      0       0       1    6    
77      0.5     0       1    133  
78      0       57.3    5    40   42   118  126  132  
79      0       32.5    8    52   55   57   60   62   66   67   69   
80      0       1.6     1    37   
81      0       0       1    15   
82      0       0       1    127  
83      0       13.5    2    97   125  
84      2.1     0       1    1    
85      0       0       1    19   
86      0       0       1    2    
87      0       11      3    44   47   98   
88      0       1       1    23   
89      0       0.5     2    11   38   
90      0       1       1    21   
91      0       1.5     1    53   
