71  0   2   3   5   7   8   11  12  13  14  15  21  28  29  30  31  44  47  50  53  55  57  58  62  64  70  72  144 145 146 147 148 150 151 152 153 155 157 160 161 162 165 167 169 170 172 173 174 176 179 181 182 183 186 188 191 196 201 203 206 209 210 213 217 220 221 222 225 232 233 259 
1429.2  693.6   735.6   
0       1.5     0       2    135  144  
1       16      0       1    9    
2       0       106.5   10   86   97   99   100  132  139  141  142  143  146  
3       0       23.5    6    68   84   85   92   96   149  
4       26      0       1    8    
5       0       0       1    138  
6       6.9     0       1    5    
7       48.5    0       1    36   
8       0       0       1    145  
9       1.9     0       1    28   
10      0       0       1    137  
11      12      0       1    23   
12      2.7     0       1    107  
13      30.5    0       1    43   
14      1       0       1    1    
15      4.9     0       1    20   
16      1       0       1    34   
17      0       0       1    22   
18      0       0       1    102  
19      14      0       1    59   
20      0       0       1    74   
21      3       0       1    45   
22      0       0       1    147  
23      6       0       1    3    
24      44.5    0       1    105  
25      0       0       1    148  
26      3.5     0       1    25   
27      0       1.5     1    87   
28      1.5     0       1    65   
29      0.5     0       1    131  
30      0.5     0       1    94   
31      0       0       1    90   
32      5.5     0       1    13   
33      45.5    0       1    130  
34      0.1     0       1    81   
35      39      0       1    56   
36      45.5    0       1    58   
37      4.9     0       1    89   
38      0.2     0       1    79   
39      0       43.5    3    41   48   133  
40      0       0       1    128  
41      107     0       1    101  
42      0       0       1    106  
43      0       0       1    26   
44      0       14.5    3    19   29   32   
45      6       0       1    110  
46      12.7    0       1    63   
47      0       15.4    3    115  136  140  
48      33.5    0       1    109  
49      0       0       1    18   
50      0.8     0       1    12   
51      17      0       1    112  
52      69.5    0       1    10   
53      52      0       1    21   
54      0       0       1    30   
55      0       55.6    4    24   27   55   57   
56      0       0       1    122  
57      0       37      5    49   91   95   123  134  
58      0       31.7    3    46   125  126  
59      0       1.5     1    35   
60      0       16.3    2    33   116  
61      0       13.5    2    51   129  
62      0       1.4     1    16   
63      0       0       1    37   
64      0       0.8     1    4    
65      0       45.8    3    76   82   124  
66      9       0       1    7    
67      0       13.4    1    54   
68      4       0       1    14   
69      0       1.7     1    103  
70      5.5     0       1    93   
71      9.5     0       1    104  
72      0       0       1    0    
73      0       4.5     1    50   
74      0       15.5    2    38   52   
75      0       36      3    42   61   75   
76      0       0       1    6    
77      0       10.7    1    72   
78      0       24.1    4    40   53   70   71   
79      0       98      12   44   60   62   64   66   67   77   111  113  119  121  127  
80      0       14.3    1    47   
81      0       0       1    15   
82      0       0       1    83   
83      0       35      3    73   78   80   
84      0       31.2    3    88   108  114  
85      0       6.5     1    98   
86      0       0       1    2    
87      0       0.5     2    31   118  
88      0       1       1    117  
89      0       16.7    2    39   69   
90      0       16      2    11   17   
91      0       2       1    120  
