75  2   3   5   8   11  12  13  14  15  27  28  29  30  44  48  49  50  53  55  57  58  59  60  61  65  68  70  144 145 147 148 149 150 151 152 153 155 159 160 161 162 165 172 173 174 175 180 184 186 188 194 195 196 197 198 201 205 206 207 210 211 213 214 218 222 223 228 230 231 232 242 251 253 256 259 
1404.6  691.7   712.9   
0       4       0       2    139  143  
1       0       32      7    83   84   134  141  142  144  149  
2       1       0       1    9    
3       59      0       1    8    
4       25      0       1    23   
5       0       0       1    147  
6       7       0       1    93   
7       40.5    0       1    43   
8       0       0       1    145  
9       2.7     0       1    18   
10      0       0       1    148  
11      12      0       1    10   
12      0       1.2     1    130  
13      36.8    0       1    105  
14      5.5     0       1    74   
15      3.7     0       1    58   
16      10      0       1    101  
17      0       0       1    12   
18      5.5     0       1    28   
19      15.5    0       1    65   
20      3.5     0       1    14   
21      5       0       1    112  
22      0       0       1    138  
23      0       0       1    94   
24      35.5    0       1    63   
25      0       0       1    137  
26      0       0       1    79   
27      0.5     0       1    7    
28      1.5     0       1    1    
29      3.5     0       1    45   
30      0       0       1    106  
31      0       0       1    90   
32      0       0       1    109  
33      41.5    0       1    34   
34      1       0       1    81   
35      40      0       1    56   
36      43.5    0       1    36   
37      3.4     0       1    131  
38      4.6     0       1    26   
39      0       1.5     1    21   
40      0       0       1    128  
41      112.5   0       1    22   
42      6.5     0       1    3    
43      0       0       1    13   
44      0.5     0       2    11   32   
45      2       0       1    59   
46      23.6    0       1    102  
47      0       192.2   10   38   41   47   71   78   80   82   88   118  135  
48      39      0       1    20   
49      0       0       1    25   
50      0       19.4    2    33   53   
51      17      0       1    110  
52      64      0       1    104  
53      0       56.5    6    37   77   96   111  113  121  
54      0       0       1    30   
55      0       34.1    3    29   97   98   
56      0       0       1    122  
57      0       19      3    52   54   70   
58      0       42.6    3    49   61   87   
59      0       33.5    3    85   92   95   
60      0       19.2    2    39   48   
61      0       20      2    35   132  
62      0       0.7     1    16   
63      0       3       1    50   
64      0       0.4     1    4    
65      0       1.4     1    19   
66      9       0       1    5    
67      0       1.9     1    68   
68      0       28.3    2    76   116  
69      0       0.8     1    103  
70      0.5     0       1    91   
71      0       16.5    3    119  127  146  
72      0       0       1    0    
73      0       15.7    3    126  136  140  
74      0       9       2    42   129  
75      0       7.5     2    75   133  
76      0       0       1    6    
77      0       4.1     1    125  
78      0       40.1    6    17   24   27   40   108  115  
79      0       16.5    9    51   66   67   72   86   100  114  120  124  
80      0       2.4     1    123  
81      0       0       1    15   
82      0       0       1    117  
83      0       0       1    107  
84      5.4     0       1    89   
85      0       6       1    44   
86      0       0       1    2    
87      0       60      5    46   55   57   62   69   
88      0       3       1    99   
89      0       0.4     2    64   73   
90      0       16.5    1    31   
91      0       7.5     1    60   
