81  0   3   5   10  11  12  13  14  15  19  25  27  28  29  30  45  47  48  49  50  52  53  54  55  57  58  59  60  61  63  65  67  68  69  70  144 145 146 147 148 149 150 151 152 154 155 156 158 159 165 168 179 180 181 183 185 186 188 192 193 195 197 198 199 203 204 207 208 210 213 214 218 221 222 223 224 227 228 231 256 257 
659     329.5   329.5   
0       1.5     0       2    136  144  
1       0       72      11   83   84   123  133  134  139  141  142  143  146  149  
2       1       0       1    9    
3       59      0       1    8    
4       0.5     0       2    24   70   
5       0       0       1    137  
6       2.5     0       1    102  
7       2       0       4    50   86   87   120  
8       0       0       1    138  
9       3.5     0       1    22   
10      0       0       1    147  
11      4       0       1    0    
12      0       0       1    130  
13      0       0.5     3    37   72   78   
14      3.5     0       1    106  
15      6.5     0       1    5    
16      7.5     0       1    1    
17      0       0       1    28   
18      0       5       1    131  
19      15.5    0       1    89   
20      3.5     0       1    26   
21      10.5    0       1    20   
22      0       0       1    148  
23      1.5     0       1    79   
24      5       0       3    11   29   118  
25      0       0       1    145  
26      0       0       1    74   
27      0       0       1    93   
28      1.5     0       1    65   
29      1.5     0       1    59   
30      0       0       1    112  
31      0.5     0       1    94   
32      5.5     0       1    25   
33      17      0       3    19   80   100  
34      0       0       1    56   
35      0       3       3    38   99   114  
36      0       52.5    5    35   46   48   49   76   
37      11.5    0       1    36   
38      5.5     0       1    23   
39      0       9       1    45   
40      0       0       1    128  
41      33      0       4    31   44   71   77   
42      0       0       1    101  
43      0       0       1    12   
44      0       15      3    32   53   127  
45      0       0       1    43   
46      16.5    0       1    63   
47      1       0       1    3    
48      8.5     0       2    91   132  
49      1       0       1    7    
50      0       0       1    58   
51      0       8.5     2    33   119  
52      69.5    0       1    21   
53      0       15      4    55   57   121  126  
54      0       0       1    30   
55      0       0       1    81   
56      0       0       1    122  
57      1.5     0       2    62   69   
58      0       0       1    104  
59      2       0       1    107  
60      0       26      3    39   47   140  
61      0       11.5    2    40   41   
62      0       0       1    16   
63      0       0       1    82   
64      0       0       1    4    
65      0       6.5     1    110  
66      0       0       2    117  135  
67      0       6.5     1    105  
68      0       19.5    2    60   125  
69      0       0       1    103  
70      5.5     0       1    10   
71      0       27      2    116  129  
72      2.5     0       1    90   
73      0       0       1    17   
74      11.5    0       1    34   
75      0       3.5     1    96   
76      0       0       1    6    
77      0       0       1    18   
78      0       11      4    51   61   95   113  
79      6.5     0       8    66   67   75   85   92   97   98   124  
80      0       0       1    13   
81      0       0       1    15   
82      0       0       1    27   
83      0       0       1    109  
84      0       0       1    52   
85      0       0       1    14   
86      0       0       1    2    
87      0       17      4    42   88   108  115  
88      0       4.5     1    73   
89      0       2       2    64   111  
90      0       1.5     1    68   
91      0       12.5    1    54   
