69  2   3   5   7   11  12  13  14  15  18  21  25  27  28  29  30  31  34  47  51  53  54  56  59  60  62  64  65  144 145 146 147 148 149 150 151 152 165 169 170 173 176 178 179 183 184 185 188 192 196 203 205 208 212 217 219 221 222 224 226 227 229 230 231 233 237 244 258 262 
729.2   371.2   358     
0       0.9     0       1    84   
1       5.5     0       1    59   
2       0       89      9    77   78   80   85   135  143  144  146  149  
3       0       1.5     6    82   86   88   97   139  142  
4       0       5       2    76   96   
5       0.1     0       1    138  
6       1.5     0       1    105  
7       4       0       3    39   121  133  
8       0       0       1    147  
9       2.7     0       1    12   
10      0.2     0       1    137  
11      0       2.5     1    116  
12      9.3     0       1    14   
13      8.3     0       2    71   72   
14      1.2     0       1    89   
15      5.2     0       1    22   
16      0       14.8    3    19   29   50   
17      0       3.2     1    75   
18      0.2     0       1    106  
19      19.5    0       1    112  
20      0       0       1    79   
21      7       0       1    73   
22      0       0       1    145  
23      0       0       1    94   
24      8.3     0       2    62   69   
25      0       9.3     1    26   
26      4.7     0       1    10   
27      0       10      1    70   
28      4.5     0       1    110  
29      0.5     0       1    130  
30      0       0       1    101  
31      0       0       1    90   
32      5.6     0       1    93   
33      38.4    0       2    99   123  
34      1       0       1    81   
35      10      0       3    11   17   113  
36      31      0       2    132  141  
37      8.4     0       1    114  
38      3.1     0       1    58   
39      0       1.5     1    23   
40      2       0       1    109  
41      0       34.7    8    24   27   35   41   48   52   117  124  
42      2.3     0       1    36   
43      0       0       1    21   
44      0       12.3    3    32   37   53   
45      4       0       1    128  
46      18.6    0       1    131  
47      9.3     0       1    148  
48      39      0       1    13   
49      0       0.8     1    46   
50      0.6     0       1    51   
51      17.5    0       1    102  
52      27.4    0       4    31   33   136  140  
53      0       8.5     4    61   115  119  127  
54      0       0       1    30   
55      2.9     0       1    25   
56      0       0       1    122  
57      0       2       3    55   57   100  
58      1.9     0       1    74   
59      2       0       1    104  
60      8.3     0       1    43   
61      6.5     0       1    65   
62      0       0.7     1    16   
63      0       7.3     1    45   
64      0       0.4     1    4    
65      0       15.9    1    63   
66      0       1.5     1    64   
67      0       1.4     1    18   
68      0       3.3     1    0    
69      0       0.8     1    103  
70      0.5     0       1    56   
71      2.3     0       1    34   
72      9       0       1    8    
73      0.3     0       1    9    
74      26      0       1    28   
75      0       43.5    3    60   67   120  
76      0       0       1    6    
77      0.4     0       1    7    
78      0       31.1    4    40   42   44   49   
79      0       5.5     7    38   47   54   66   118  126  129  
80      0.6     0       1    5    
81      0.3     0       1    15   
82      0.1     0       1    83   
83      0       10.5    2    68   87   
84      5.4     0       1    1    
85      0       0       1    20   
86      0.3     0       1    2    
87      0       33      5    91   95   108  111  134  
88      0       0       1    3    
89      2.6     0       2    98   125  
90      0       6.5     1    107  
91      0       1.5     1    92   
